<?xml version="1.0" encoding="UTF-8"?>
<!-- Generated by org.testng.reporters.JUnitReportReporter -->
<testsuite hostname="MNS-3522" name="com.testsrcripts.SeleniumeasyFirstform" tests="1" failures="0" timestamp="27 Dec 2019 04:18:18 GMT" time="5.547" errors="0">
  <testcase name="loginPage" time="5.547" classname="com.testsrcripts.SeleniumeasyFirstform"/>
</testsuite> <!-- com.testsrcripts.SeleniumeasyFirstform -->
